<?xml version="1.0" encoding="utf-8"?>
<log>
  <message>
    <date>11/3/2009 8:00:27 AM</date>
    <status>INFORMATION</status>
    <event>Mail Server application started.</event>
  </message>
  <message>
    <date>11/3/2009 8:00:29 AM</date>
    <status>INFORMATION</status>
    <event>Smtp server starting...</event>
  </message>
  <message>
    <date>11/3/2009 8:00:29 AM</date>
    <status>INFORMATION</status>
    <event>Pop3 server starting...</event>
  </message>
  <message>
    <date>11/3/2009 8:00:29 AM</date>
    <status>SUCCESS</status>
    <event>Mail Server Started successfully.
It is now listening for incoming mail connections on POP3 and SMTP port.</event>
  </message>
  <message>
    <date>11/3/2009 8:00:38 AM</date>
    <status>FAILED</status>
    <event>Exception starting SMTP Server: System.NullReferenceException: Object reference not set to an instance of an object.
   at Mail_Server.MailServer.SmtpThreadFunc() in D:\BCA Sem-6 Project\BCA Project\Mail Server\MailServer.cs:line 657</event>
  </message>
  <message>
    <date>11/3/2009 8:00:39 AM</date>
    <status>FAILED</status>
    <event>Exception starting POP3 Server: System.NullReferenceException: Object reference not set to an instance of an object.
   at Mail_Server.MailServer.Pop3ThreadFunc() in D:\BCA Sem-6 Project\BCA Project\Mail Server\MailServer.cs:line 285</event>
  </message>
  <message>
    <date>11/3/2009 8:00:41 AM</date>
    <status>SUCCESS</status>
    <event>Mail Server was Stopped successfully.
It will not interchange mails on any POP3 or SMTP ports.</event>
  </message>
  <message>
    <date>11/3/2009 8:00:42 AM</date>
    <status>INFORMATION</status>
    <event>Pop3 server starting...</event>
  </message>
  <message>
    <date>11/3/2009 8:00:42 AM</date>
    <status>INFORMATION</status>
    <event>Smtp server starting...</event>
  </message>
  <message>
    <date>11/3/2009 8:00:42 AM</date>
    <status>SUCCESS</status>
    <event>Mail Server Started successfully.
It is now listening for incoming mail connections on POP3 and SMTP port.</event>
  </message>
  <message>
    <date>11/3/2009 8:00:55 AM</date>
    <status>FAILED</status>
    <event>Exception starting SMTP Server: System.NullReferenceException: Object reference not set to an instance of an object.
   at Mail_Server.MailServer.SmtpThreadFunc() in D:\BCA Sem-6 Project\BCA Project\Mail Server\MailServer.cs:line 657</event>
  </message>
  <message>
    <date>11/3/2009 8:00:56 AM</date>
    <status>FAILED</status>
    <event>Exception starting POP3 Server: System.NullReferenceException: Object reference not set to an instance of an object.
   at Mail_Server.MailServer.Pop3ThreadFunc() in D:\BCA Sem-6 Project\BCA Project\Mail Server\MailServer.cs:line 285</event>
  </message>
  <message>
    <date>11/3/2009 8:01:02 AM</date>
    <status>SUCCESS</status>
    <event>Mail Server was Stopped successfully.
It will not interchange mails on any POP3 or SMTP ports.</event>
  </message>
  <message>
    <date>11/3/2009 8:01:04 AM</date>
    <status>INFORMATION</status>
    <event>Mail Server application ended.</event>
  </message>
  <message>
    <date>11/3/2009 8:01:06 AM</date>
    <status>INFORMATION</status>
    <event>Mail Server application started.</event>
  </message>
  <message>
    <date>11/3/2009 8:01:06 AM</date>
    <status>INFORMATION</status>
    <event>Pop3 server starting...</event>
  </message>
  <message>
    <date>11/3/2009 8:01:07 AM</date>
    <status>INFORMATION</status>
    <event>Smtp server starting...</event>
  </message>
  <message>
    <date>11/3/2009 8:01:07 AM</date>
    <status>SUCCESS</status>
    <event>Mail Server Started successfully.
It is now listening for incoming mail connections on POP3 and SMTP port.</event>
  </message>
  <message>
    <date>11/3/2009 8:01:08 AM</date>
    <status>FAILED</status>
    <event>Exception starting SMTP Server: System.NullReferenceException: Object reference not set to an instance of an object.
   at Mail_Server.MailServer.SmtpThreadFunc() in D:\BCA Sem-6 Project\BCA Project\Mail Server\MailServer.cs:line 657</event>
  </message>
  <message>
    <date>11/3/2009 8:01:09 AM</date>
    <status>FAILED</status>
    <event>Exception starting POP3 Server: System.NullReferenceException: Object reference not set to an instance of an object.
   at Mail_Server.MailServer.Pop3ThreadFunc() in D:\BCA Sem-6 Project\BCA Project\Mail Server\MailServer.cs:line 285</event>
  </message>
  <message>
    <date>11/3/2009 8:01:11 AM</date>
    <status>SUCCESS</status>
    <event>Mail Server was Stopped successfully.
It will not interchange mails on any POP3 or SMTP ports.</event>
  </message>
  <message>
    <date>11/3/2009 8:01:23 AM</date>
    <status>INFORMATION</status>
    <event>Mail Server application ended.</event>
  </message>
  <message>
    <date>11/3/2009 8:01:24 AM</date>
    <status>INFORMATION</status>
    <event>Mail Server application started.</event>
  </message>
  <message>
    <date>11/3/2009 8:01:26 AM</date>
    <status>INFORMATION</status>
    <event>Pop3 server starting...</event>
  </message>
  <message>
    <date>11/3/2009 8:01:26 AM</date>
    <status>INFORMATION</status>
    <event>Smtp server starting...</event>
  </message>
  <message>
    <date>11/3/2009 8:01:26 AM</date>
    <status>SUCCESS</status>
    <event>Mail Server Started successfully.
It is now listening for incoming mail connections on POP3 and SMTP port.</event>
  </message>
  <message>
    <date>11/3/2009 8:01:26 AM</date>
    <status>SUCCESS</status>
    <event>SMTP server started and waiting for client to connect.</event>
  </message>
  <message>
    <date>11/3/2009 8:01:26 AM</date>
    <status>SUCCESS</status>
    <event>POP3 server started and waiting for client to connect.</event>
  </message>
  <message>
    <date>11/3/2009 8:01:38 AM</date>
    <status>SUCCESS</status>
    <event>Mail Server was Stopped successfully.
It will not interchange mails on any POP3 or SMTP ports.</event>
  </message>
  <message>
    <date>11/3/2009 8:01:38 AM</date>
    <status>INFORMATION</status>
    <event>Mail Server application ended.</event>
  </message>
  <message>
    <date>11/3/2009 8:01:40 AM</date>
    <status>INFORMATION</status>
    <event>Mail Server application started.</event>
  </message>
  <message>
    <date>11/3/2009 8:01:41 AM</date>
    <status>INFORMATION</status>
    <event>Pop3 server starting...</event>
  </message>
  <message>
    <date>11/3/2009 8:01:41 AM</date>
    <status>INFORMATION</status>
    <event>Smtp server starting...</event>
  </message>
  <message>
    <date>11/3/2009 8:01:41 AM</date>
    <status>SUCCESS</status>
    <event>SMTP server started and waiting for client to connect.</event>
  </message>
  <message>
    <date>11/3/2009 8:01:41 AM</date>
    <status>SUCCESS</status>
    <event>POP3 server started and waiting for client to connect.</event>
  </message>
  <message>
    <date>11/3/2009 8:01:41 AM</date>
    <status>SUCCESS</status>
    <event>Mail Server Started successfully.
It is now listening for incoming mail connections on POP3 and SMTP port.</event>
  </message>
  <message>
    <date>11/3/2009 8:01:57 AM</date>
    <status>SUCCESS</status>
    <event>Mail Server was Stopped successfully.
It will not interchange mails on any POP3 or SMTP ports.</event>
  </message>
  <message>
    <date>11/3/2009 8:01:57 AM</date>
    <status>INFORMATION</status>
    <event>Mail Server application ended.</event>
  </message>
  <message>
    <date>4/30/2011 3:58:52 PM</date>
    <status>INFORMATION</status>
    <event>Mail Server application started.</event>
  </message>
  <message>
    <date>4/30/2011 3:58:54 PM</date>
    <status>INFORMATION</status>
    <event>Mail Server application ended.</event>
  </message>
  <message>
    <date>30-Oct-11 6:48:43 PM</date>
    <status>INFORMATION</status>
    <event>Mail Server application started.</event>
  </message>
  <message>
    <date>30-Oct-11 6:49:40 PM</date>
    <status>SUCCESS</status>
    <event>Mail Server Started successfully.
It is now listening for incoming mail connections on POP3 and SMTP port.</event>
  </message>
  <message>
    <date>30-Oct-11 6:49:40 PM</date>
    <status>INFORMATION</status>
    <event>Smtp server starting...</event>
  </message>
  <message>
    <date>30-Oct-11 6:49:41 PM</date>
    <status>SUCCESS</status>
    <event>SMTP server started and waiting for client to connect.</event>
  </message>
  <message>
    <date>30-Oct-11 6:49:41 PM</date>
    <status>SUCCESS</status>
    <event>POP3 server started and waiting for client to connect.</event>
  </message>
  <message>
    <date>30-Oct-11 6:51:47 PM</date>
    <status>SUCCESS</status>
    <event>Mail Server was Stopped successfully.
It will not interchange mails on any POP3 or SMTP ports.</event>
  </message>
  <message>
    <date>30-Oct-11 6:51:52 PM</date>
    <status>INFORMATION</status>
    <event>Pop3 server starting...</event>
  </message>
  <message>
    <date>30-Oct-11 6:51:52 PM</date>
    <status>INFORMATION</status>
    <event>Smtp server starting...</event>
  </message>
  <message>
    <date>30-Oct-11 6:51:52 PM</date>
    <status>SUCCESS</status>
    <event>POP3 server started and waiting for client to connect.</event>
  </message>
  <message>
    <date>30-Oct-11 6:51:52 PM</date>
    <status>SUCCESS</status>
    <event>SMTP server started and waiting for client to connect.</event>
  </message>
  <message>
    <date>30-Oct-11 6:51:52 PM</date>
    <status>SUCCESS</status>
    <event>Mail Server Started successfully.
It is now listening for incoming mail connections on POP3 and SMTP port.</event>
  </message>
  <message>
    <date>30-Oct-11 6:52:02 PM</date>
    <status>INFORMATION</status>
    <event>A SMTP client is waiting for connection.</event>
  </message>
  <message>
    <date>30-Oct-11 6:52:02 PM</date>
    <status>INFORMATION</status>
    <event>A SMTP client is waiting for connection.</event>
  </message>
  <message>
    <date>30-Oct-11 6:52:02 PM</date>
    <status>INFORMATION</status>
    <event>A SMTP client is waiting for connection.</event>
  </message>
  <message>
    <date>30-Oct-11 6:52:02 PM</date>
    <status>SMTP CLIENT</status>
    <event>A SMTP client connected from 192.168.1.3:2782</event>
  </message>
  <message>
    <date>30-Oct-11 6:52:02 PM</date>
    <status>SMTP CLIENT</status>
    <event>A SMTP client connected from 192.168.1.3:2783</event>
  </message>
  <message>
    <date>30-Oct-11 6:52:02 PM</date>
    <status>SMTP CLIENT</status>
    <event>A SMTP client connected from 192.168.1.3:2784</event>
  </message>
  <message>
    <date>30-Oct-11 6:52:02 PM</date>
    <status>POP3 CLIENT</status>
    <event>A POP3 client connected from 192.168.1.3:2781</event>
  </message>
  <message>
    <date>30-Oct-11 6:52:02 PM</date>
    <status>ESMTP CLIENT DOMAIN</status>
    <event>The client at 192.168.1.3:2784 is connecting from we-guess.mozilla.org.</event>
  </message>
  <message>
    <date>30-Oct-11 6:52:02 PM</date>
    <status>ESMTP CLIENT DOMAIN</status>
    <event>The client at 192.168.1.3:2782 is connecting from we-guess.mozilla.org.</event>
  </message>
  <message>
    <date>30-Oct-11 6:52:02 PM</date>
    <status>SMTP CLIENT CLOSED</status>
    <event>The Client at 192.168.1.3:2783 was closed.</event>
  </message>
  <message>
    <date>30-Oct-11 6:52:14 PM</date>
    <status>POP3 CLIENT CLOSED</status>
    <event>The Client at 192.168.1.3:2781 was closed.</event>
  </message>
  <message>
    <date>30-Oct-11 6:52:14 PM</date>
    <status>SMTP CLIENT CLOSED</status>
    <event>The Client at 192.168.1.3:2782 was closed.</event>
  </message>
  <message>
    <date>30-Oct-11 6:52:14 PM</date>
    <status>SMTP CLIENT CLOSED</status>
    <event>The Client at 192.168.1.3:2784 was closed.</event>
  </message>
  <message>
    <date>30-Oct-11 6:52:26 PM</date>
    <status>INFORMATION</status>
    <event>A POP3 client is waiting for connection.</event>
  </message>
  <message>
    <date>30-Oct-11 6:52:26 PM</date>
    <status>POP3 CLIENT</status>
    <event>A POP3 client connected from 192.168.1.3:2789</event>
  </message>
  <message>
    <date>30-Oct-11 6:52:26 PM</date>
    <status>POP3 CLIENT AUTH USER</status>
    <event>The client at 192.168.1.3:2789 authorizing with user ID ananda@test.com.</event>
  </message>
  <message>
    <date>30-Oct-11 6:52:26 PM</date>
    <status>POP3 CLIENT AUTH</status>
    <event>The client at 192.168.1.3:2789 authorized with user ID ananda@test.com successfully.</event>
  </message>
  <message>
    <date>30-Oct-11 6:52:26 PM</date>
    <status>POP3 CLIENT CLOSED</status>
    <event>The Client at 192.168.1.3:2789 was closed.</event>
  </message>
  <message>
    <date>30-Oct-11 6:52:49 PM</date>
    <status>INFORMATION</status>
    <event>A SMTP client is waiting for connection.</event>
  </message>
  <message>
    <date>30-Oct-11 6:52:49 PM</date>
    <status>SMTP CLIENT</status>
    <event>A SMTP client connected from 192.168.1.3:2793</event>
  </message>
  <message>
    <date>30-Oct-11 6:52:49 PM</date>
    <status>ESMTP CLIENT DOMAIN</status>
    <event>The client at 192.168.1.3:2793 is connecting from [192.168.1.3].</event>
  </message>
  <message>
    <date>30-Oct-11 6:52:49 PM</date>
    <status>SMTP CLIENT DOMAIN</status>
    <event>The client at 192.168.1.3:2793 is connected from [192.168.1.3].</event>
  </message>
  <message>
    <date>30-Oct-11 6:52:49 PM</date>
    <status>SMTP CLIENT CLOSED</status>
    <event>The Client at 192.168.1.3:2793 was closed.</event>
  </message>
  <message>
    <date>30-Oct-11 6:53:10 PM</date>
    <status>INFORMATION</status>
    <event>A POP3 client is waiting for connection.</event>
  </message>
  <message>
    <date>30-Oct-11 6:53:10 PM</date>
    <status>POP3 CLIENT</status>
    <event>A POP3 client connected from 192.168.1.3:2797</event>
  </message>
  <message>
    <date>30-Oct-11 6:53:10 PM</date>
    <status>POP3 CLIENT AUTH USER</status>
    <event>The client at 192.168.1.3:2797 authorizing with user ID ananda@test.com.</event>
  </message>
  <message>
    <date>30-Oct-11 6:53:10 PM</date>
    <status>POP3 CLIENT AUTH</status>
    <event>The client at 192.168.1.3:2797 authorized with user ID ananda@test.com successfully.</event>
  </message>
  <message>
    <date>30-Oct-11 6:53:51 PM</date>
    <status>POP3 CLIENT CLOSED</status>
    <event>The Client at 192.168.1.3:2797 was closed.</event>
  </message>
  <message>
    <date>30-Oct-11 6:53:54 PM</date>
    <status>INFORMATION</status>
    <event>A POP3 client is waiting for connection.</event>
  </message>
  <message>
    <date>30-Oct-11 6:53:54 PM</date>
    <status>POP3 CLIENT</status>
    <event>A POP3 client connected from 192.168.1.3:2805</event>
  </message>
  <message>
    <date>30-Oct-11 6:53:54 PM</date>
    <status>POP3 CLIENT AUTH USER</status>
    <event>The client at 192.168.1.3:2805 authorizing with user ID ananda@test.com.</event>
  </message>
  <message>
    <date>30-Oct-11 6:53:54 PM</date>
    <status>POP3 CLIENT AUTH</status>
    <event>The client at 192.168.1.3:2805 authorized with user ID ananda@test.com successfully.</event>
  </message>
  <message>
    <date>30-Oct-11 6:56:11 PM</date>
    <status>POP3 CLIENT CLOSED</status>
    <event>The Client at 192.168.1.3:2805 was closed.</event>
  </message>
  <message>
    <date>30-Oct-11 6:58:29 PM</date>
    <status>SUCCESS</status>
    <event>Mail Server was Stopped successfully.
It will not interchange mails on any POP3 or SMTP ports.</event>
  </message>
  <message>
    <date>30-Oct-11 6:58:30 PM</date>
    <status>INFORMATION</status>
    <event>Mail Server application ended.</event>
  </message>
  <message>
    <date>2/8/2015 9:32:21 AM</date>
    <status>INFORMATION</status>
    <event>Mail Server application started.</event>
  </message>
  <message>
    <date>2/8/2015 9:32:27 AM</date>
    <status>INFORMATION</status>
    <event>Mail Server application ended.</event>
  </message>
</log>